cl : 命令行 warning D9035: “Gm”选项已否决，并将在将来的版本中移除
  LexerGrader.c
D:\利兹第一年\Compiler\CW1_Lexer\SelfGrader\LexerGrader.c(29,2): warning C4996: 'strcpy': This function or variable may be unsafe. Consider using strcpy_s instead. To disable deprecation, use _CRT_SECURE_NO_WARNINGS. See online help for details.
D:\利兹第一年\Compiler\CW1_Lexer\SelfGrader\LexerGrader.c(30,2): warning C4996: 'strcat': This function or variable may be unsafe. Consider using strcat_s instead. To disable deprecation, use _CRT_SECURE_NO_WARNINGS. See online help for details.
D:\利兹第一年\Compiler\CW1_Lexer\SelfGrader\LexerGrader.c(31,2): warning C4996: 'strcat': This function or variable may be unsafe. Consider using strcat_s instead. To disable deprecation, use _CRT_SECURE_NO_WARNINGS. See online help for details.
D:\利兹第一年\Compiler\CW1_Lexer\SelfGrader\LexerGrader.c(32,2): warning C4996: 'strcat': This function or variable may be unsafe. Consider using strcat_s instead. To disable deprecation, use _CRT_SECURE_NO_WARNINGS. See online help for details.
D:\利兹第一年\Compiler\CW1_Lexer\SelfGrader\LexerGrader.c(40,2): warning C4996: 'strcat': This function or variable may be unsafe. Consider using strcat_s instead. To disable deprecation, use _CRT_SECURE_NO_WARNINGS. See online help for details.
D:\利兹第一年\Compiler\CW1_Lexer\SelfGrader\LexerGrader.c(41,2): warning C4996: 'sprintf': This function or variable may be unsafe. Consider using sprintf_s instead. To disable deprecation, use _CRT_SECURE_NO_WARNINGS. See online help for details.
D:\利兹第一年\Compiler\CW1_Lexer\SelfGrader\LexerGrader.c(42,2): warning C4996: 'strcat': This function or variable may be unsafe. Consider using strcat_s instead. To disable deprecation, use _CRT_SECURE_NO_WARNINGS. See online help for details.
D:\利兹第一年\Compiler\CW1_Lexer\SelfGrader\LexerGrader.c(43,2): warning C4996: 'strcat': This function or variable may be unsafe. Consider using strcat_s instead. To disable deprecation, use _CRT_SECURE_NO_WARNINGS. See online help for details.
D:\利兹第一年\Compiler\CW1_Lexer\SelfGrader\LexerGrader.c(44,2): warning C4996: 'strcat': This function or variable may be unsafe. Consider using strcat_s instead. To disable deprecation, use _CRT_SECURE_NO_WARNINGS. See online help for details.
D:\利兹第一年\Compiler\CW1_Lexer\SelfGrader\LexerGrader.c(46,2): warning C4996: 'sprintf': This function or variable may be unsafe. Consider using sprintf_s instead. To disable deprecation, use _CRT_SECURE_NO_WARNINGS. See online help for details.
D:\利兹第一年\Compiler\CW1_Lexer\SelfGrader\LexerGrader.c(47,2): warning C4996: 'strcat': This function or variable may be unsafe. Consider using strcat_s instead. To disable deprecation, use _CRT_SECURE_NO_WARNINGS. See online help for details.
D:\利兹第一年\Compiler\CW1_Lexer\SelfGrader\LexerGrader.c(48,2): warning C4996: 'strcat': This function or variable may be unsafe. Consider using strcat_s instead. To disable deprecation, use _CRT_SECURE_NO_WARNINGS. See online help for details.
D:\利兹第一年\Compiler\CW1_Lexer\SelfGrader\LexerGrader.c(49,2): warning C4996: 'strcat': This function or variable may be unsafe. Consider using strcat_s instead. To disable deprecation, use _CRT_SECURE_NO_WARNINGS. See online help for details.
D:\利兹第一年\Compiler\CW1_Lexer\SelfGrader\LexerGrader.c(52,2): warning C4996: 'strcat': This function or variable may be unsafe. Consider using strcat_s instead. To disable deprecation, use _CRT_SECURE_NO_WARNINGS. See online help for details.
D:\利兹第一年\Compiler\CW1_Lexer\SelfGrader\LexerGrader.c(53,2): warning C4996: 'strcat': This function or variable may be unsafe. Consider using strcat_s instead. To disable deprecation, use _CRT_SECURE_NO_WARNINGS. See online help for details.
D:\利兹第一年\Compiler\CW1_Lexer\SelfGrader\LexerGrader.c(54,2): warning C4996: 'strcat': This function or variable may be unsafe. Consider using strcat_s instead. To disable deprecation, use _CRT_SECURE_NO_WARNINGS. See online help for details.
D:\利兹第一年\Compiler\CW1_Lexer\SelfGrader\LexerGrader.c(55,2): warning C4996: 'strcat': This function or variable may be unsafe. Consider using strcat_s instead. To disable deprecation, use _CRT_SECURE_NO_WARNINGS. See online help for details.
D:\利兹第一年\Compiler\CW1_Lexer\SelfGrader\LexerGrader.c(56,2): warning C4996: 'strcat': This function or variable may be unsafe. Consider using strcat_s instead. To disable deprecation, use _CRT_SECURE_NO_WARNINGS. See online help for details.
D:\利兹第一年\Compiler\CW1_Lexer\SelfGrader\LexerGrader.c(58,2): warning C4996: 'strcat': This function or variable may be unsafe. Consider using strcat_s instead. To disable deprecation, use _CRT_SECURE_NO_WARNINGS. See online help for details.
D:\利兹第一年\Compiler\CW1_Lexer\SelfGrader\LexerGrader.c(60,3): warning C4996: 'strcat': This function or variable may be unsafe. Consider using strcat_s instead. To disable deprecation, use _CRT_SECURE_NO_WARNINGS. See online help for details.
D:\利兹第一年\Compiler\CW1_Lexer\SelfGrader\LexerGrader.c(61,2): warning C4996: 'strcat': This function or variable may be unsafe. Consider using strcat_s instead. To disable deprecation, use _CRT_SECURE_NO_WARNINGS. See online help for details.
D:\利兹第一年\Compiler\CW1_Lexer\SelfGrader\LexerGrader.c(68,2): warning C4996: 'strcat': This function or variable may be unsafe. Consider using strcat_s instead. To disable deprecation, use _CRT_SECURE_NO_WARNINGS. See online help for details.
D:\利兹第一年\Compiler\CW1_Lexer\SelfGrader\LexerGrader.c(69,2): warning C4996: 'strcat': This function or variable may be unsafe. Consider using strcat_s instead. To disable deprecation, use _CRT_SECURE_NO_WARNINGS. See online help for details.
D:\利兹第一年\Compiler\CW1_Lexer\SelfGrader\LexerGrader.c(122,3): warning C4996: 'strcpy': This function or variable may be unsafe. Consider using strcpy_s instead. To disable deprecation, use _CRT_SECURE_NO_WARNINGS. See online help for details.
D:\利兹第一年\Compiler\CW1_Lexer\SelfGrader\LexerGrader.c(123,3): warning C4996: 'strcat': This function or variable may be unsafe. Consider using strcat_s instead. To disable deprecation, use _CRT_SECURE_NO_WARNINGS. See online help for details.
D:\利兹第一年\Compiler\CW1_Lexer\SelfGrader\LexerGrader.c(126,17): warning C4996: 'fopen': This function or variable may be unsafe. Consider using fopen_s instead. To disable deprecation, use _CRT_SECURE_NO_WARNINGS. See online help for details.
D:\利兹第一年\Compiler\CW1_Lexer\SelfGrader\LexerGrader.c(192,2): warning C4996: 'sprintf': This function or variable may be unsafe. Consider using sprintf_s instead. To disable deprecation, use _CRT_SECURE_NO_WARNINGS. See online help for details.
D:\利兹第一年\Compiler\CW1_Lexer\SelfGrader\LexerGrader.c(228,14): warning C4996: 'fopen': This function or variable may be unsafe. Consider using fopen_s instead. To disable deprecation, use _CRT_SECURE_NO_WARNINGS. See online help for details.
LexerGrader.obj : error LNK2019: 无法解析的外部符号 _InitLexer，函数 _t_lexer 中引用了该符号
LexerGrader.obj : error LNK2019: 无法解析的外部符号 _GetNextToken，函数 _t_lexer 中引用了该符号
LexerGrader.obj : error LNK2019: 无法解析的外部符号 _PeekNextToken，函数 _t_lexer 中引用了该符号
LexerGrader.obj : error LNK2019: 无法解析的外部符号 _StopLexer，函数 _t_lexer 中引用了该符号
.\Debug\LexerGrader.exe : fatal error LNK1120: 4 个无法解析的外部命令
